2020-11-17 11:46:58,114 - SimpleLog4JLogSystem initialized using logfile 'velocity.log'
2020-11-17 11:46:58,114 - ************************************************************** 
2020-11-17 11:46:58,114 - Starting Jakarta Velocity v1.4
2020-11-17 11:46:58,114 - RuntimeInstance initializing.
2020-11-17 11:46:58,114 - Default Properties File: org/apache/velocity/runtime/defaults/velocity.properties
2020-11-17 11:46:58,114 - Trying to use logger class org.apache.velocity.runtime.log.SimpleLog4JLogSystem
2020-11-17 11:46:58,114 - Using logger class org.apache.velocity.runtime.log.SimpleLog4JLogSystem
2020-11-17 11:46:58,115 - Default ResourceManager initializing. (class org.apache.velocity.runtime.resource.ResourceManagerImpl)
2020-11-17 11:46:58,117 - Resource Loader Instantiated: org.apache.velocity.runtime.resource.loader.ClasspathResourceLoader
2020-11-17 11:46:58,117 - ClasspathResourceLoader : initialization starting.
2020-11-17 11:46:58,117 - ClasspathResourceLoader : initialization complete.
2020-11-17 11:46:58,117 - ResourceCache : initialized. (class org.apache.velocity.runtime.resource.ResourceCacheImpl)
2020-11-17 11:46:58,117 - Default ResourceManager initialization complete.
2020-11-17 11:46:58,118 - Loaded System Directive: org.apache.velocity.runtime.directive.Literal
2020-11-17 11:46:58,119 - Loaded System Directive: org.apache.velocity.runtime.directive.Macro
2020-11-17 11:46:58,120 - Loaded System Directive: org.apache.velocity.runtime.directive.Parse
2020-11-17 11:46:58,120 - Loaded System Directive: org.apache.velocity.runtime.directive.Include
2020-11-17 11:46:58,121 - Loaded System Directive: org.apache.velocity.runtime.directive.Foreach
2020-11-17 11:46:58,138 - Created: 20 parsers.
2020-11-17 11:46:58,140 - Velocimacro : initialization starting.
2020-11-17 11:46:58,140 - Velocimacro : adding VMs from VM library template : VM_global_library.vm
2020-11-17 11:46:58,142 - ResourceManager : unable to find resource 'VM_global_library.vm' in any resource loader.
2020-11-17 11:46:58,142 - Velocimacro : error using  VM library template VM_global_library.vm : org.apache.velocity.exception.ResourceNotFoundException: Unable to find resource 'VM_global_library.vm'
2020-11-17 11:46:58,142 - Velocimacro :  VM library template macro registration complete.
2020-11-17 11:46:58,142 - Velocimacro : allowInline = true : VMs can be defined inline in templates
2020-11-17 11:46:58,142 - Velocimacro : allowInlineToOverride = false : VMs defined inline may NOT replace previous VM definitions
2020-11-17 11:46:58,142 - Velocimacro : allowInlineLocal = false : VMs defined inline will be  global in scope if allowed.
2020-11-17 11:46:58,142 - Velocimacro : messages on  : VM system will output logging messages
2020-11-17 11:46:58,142 - Velocimacro : autoload off  : VM system will not automatically reload global library macros
2020-11-17 11:46:58,142 - Velocimacro : initialization complete.
2020-11-17 11:46:58,142 - Velocity successfully started.
2020-11-17 11:51:12,258 - SimpleLog4JLogSystem initialized using logfile 'velocity.log'
2020-11-17 11:51:12,259 - ************************************************************** 
2020-11-17 11:51:12,259 - Starting Jakarta Velocity v1.4
2020-11-17 11:51:12,259 - RuntimeInstance initializing.
2020-11-17 11:51:12,259 - Default Properties File: org/apache/velocity/runtime/defaults/velocity.properties
2020-11-17 11:51:12,259 - Trying to use logger class org.apache.velocity.runtime.log.SimpleLog4JLogSystem
2020-11-17 11:51:12,259 - Using logger class org.apache.velocity.runtime.log.SimpleLog4JLogSystem
2020-11-17 11:51:12,261 - Default ResourceManager initializing. (class org.apache.velocity.runtime.resource.ResourceManagerImpl)
2020-11-17 11:51:12,262 - Resource Loader Instantiated: org.apache.velocity.runtime.resource.loader.ClasspathResourceLoader
2020-11-17 11:51:12,262 - ClasspathResourceLoader : initialization starting.
2020-11-17 11:51:12,263 - ClasspathResourceLoader : initialization complete.
2020-11-17 11:51:12,263 - ResourceCache : initialized. (class org.apache.velocity.runtime.resource.ResourceCacheImpl)
2020-11-17 11:51:12,263 - Default ResourceManager initialization complete.
2020-11-17 11:51:12,264 - Loaded System Directive: org.apache.velocity.runtime.directive.Literal
2020-11-17 11:51:12,265 - Loaded System Directive: org.apache.velocity.runtime.directive.Macro
2020-11-17 11:51:12,266 - Loaded System Directive: org.apache.velocity.runtime.directive.Parse
2020-11-17 11:51:12,267 - Loaded System Directive: org.apache.velocity.runtime.directive.Include
2020-11-17 11:51:12,267 - Loaded System Directive: org.apache.velocity.runtime.directive.Foreach
2020-11-17 11:51:12,286 - Created: 20 parsers.
2020-11-17 11:51:12,288 - Velocimacro : initialization starting.
2020-11-17 11:51:12,288 - Velocimacro : adding VMs from VM library template : VM_global_library.vm
2020-11-17 11:51:12,290 - ResourceManager : unable to find resource 'VM_global_library.vm' in any resource loader.
2020-11-17 11:51:12,290 - Velocimacro : error using  VM library template VM_global_library.vm : org.apache.velocity.exception.ResourceNotFoundException: Unable to find resource 'VM_global_library.vm'
2020-11-17 11:51:12,290 - Velocimacro :  VM library template macro registration complete.
2020-11-17 11:51:12,290 - Velocimacro : allowInline = true : VMs can be defined inline in templates
2020-11-17 11:51:12,290 - Velocimacro : allowInlineToOverride = false : VMs defined inline may NOT replace previous VM definitions
2020-11-17 11:51:12,290 - Velocimacro : allowInlineLocal = false : VMs defined inline will be  global in scope if allowed.
2020-11-17 11:51:12,290 - Velocimacro : messages on  : VM system will output logging messages
2020-11-17 11:51:12,290 - Velocimacro : autoload off  : VM system will not automatically reload global library macros
2020-11-17 11:51:12,291 - Velocimacro : initialization complete.
2020-11-17 11:51:12,291 - Velocity successfully started.
2020-11-17 11:51:48,747 - ResourceManager : found repast/simphony/parameter/parameters.vt with loader org.apache.velocity.runtime.resource.loader.ClasspathResourceLoader
2020-11-17 11:52:10,370 - ResourceManager : found repast/simphony/parameter/parameters.vt with loader org.apache.velocity.runtime.resource.loader.ClasspathResourceLoader
2020-11-17 11:53:46,845 - ResourceManager : found repast/simphony/scenario/Scenario.vt with loader org.apache.velocity.runtime.resource.loader.ClasspathResourceLoader
2020-11-17 11:55:36,016 - SimpleLog4JLogSystem initialized using logfile 'velocity.log'
2020-11-17 11:55:36,017 - ************************************************************** 
2020-11-17 11:55:36,017 - Starting Jakarta Velocity v1.4
2020-11-17 11:55:36,017 - RuntimeInstance initializing.
2020-11-17 11:55:36,017 - Default Properties File: org/apache/velocity/runtime/defaults/velocity.properties
2020-11-17 11:55:36,017 - Trying to use logger class org.apache.velocity.runtime.log.SimpleLog4JLogSystem
2020-11-17 11:55:36,017 - Using logger class org.apache.velocity.runtime.log.SimpleLog4JLogSystem
2020-11-17 11:55:36,018 - Default ResourceManager initializing. (class org.apache.velocity.runtime.resource.ResourceManagerImpl)
2020-11-17 11:55:36,020 - Resource Loader Instantiated: org.apache.velocity.runtime.resource.loader.ClasspathResourceLoader
2020-11-17 11:55:36,020 - ClasspathResourceLoader : initialization starting.
2020-11-17 11:55:36,020 - ClasspathResourceLoader : initialization complete.
2020-11-17 11:55:36,020 - ResourceCache : initialized. (class org.apache.velocity.runtime.resource.ResourceCacheImpl)
2020-11-17 11:55:36,020 - Default ResourceManager initialization complete.
2020-11-17 11:55:36,021 - Loaded System Directive: org.apache.velocity.runtime.directive.Literal
2020-11-17 11:55:36,022 - Loaded System Directive: org.apache.velocity.runtime.directive.Macro
2020-11-17 11:55:36,023 - Loaded System Directive: org.apache.velocity.runtime.directive.Parse
2020-11-17 11:55:36,024 - Loaded System Directive: org.apache.velocity.runtime.directive.Include
2020-11-17 11:55:36,024 - Loaded System Directive: org.apache.velocity.runtime.directive.Foreach
2020-11-17 11:55:36,042 - Created: 20 parsers.
2020-11-17 11:55:36,044 - Velocimacro : initialization starting.
2020-11-17 11:55:36,044 - Velocimacro : adding VMs from VM library template : VM_global_library.vm
2020-11-17 11:55:36,046 - ResourceManager : unable to find resource 'VM_global_library.vm' in any resource loader.
2020-11-17 11:55:36,046 - Velocimacro : error using  VM library template VM_global_library.vm : org.apache.velocity.exception.ResourceNotFoundException: Unable to find resource 'VM_global_library.vm'
2020-11-17 11:55:36,046 - Velocimacro :  VM library template macro registration complete.
2020-11-17 11:55:36,046 - Velocimacro : allowInline = true : VMs can be defined inline in templates
2020-11-17 11:55:36,046 - Velocimacro : allowInlineToOverride = false : VMs defined inline may NOT replace previous VM definitions
2020-11-17 11:55:36,046 - Velocimacro : allowInlineLocal = false : VMs defined inline will be  global in scope if allowed.
2020-11-17 11:55:36,046 - Velocimacro : messages on  : VM system will output logging messages
2020-11-17 11:55:36,046 - Velocimacro : autoload off  : VM system will not automatically reload global library macros
2020-11-17 11:55:36,046 - Velocimacro : initialization complete.
2020-11-17 11:55:36,046 - Velocity successfully started.
2020-11-17 11:57:18,529 - SimpleLog4JLogSystem initialized using logfile 'velocity.log'
2020-11-17 11:57:18,529 - ************************************************************** 
2020-11-17 11:57:18,529 - Starting Jakarta Velocity v1.4
2020-11-17 11:57:18,529 - RuntimeInstance initializing.
2020-11-17 11:57:18,529 - Default Properties File: org/apache/velocity/runtime/defaults/velocity.properties
2020-11-17 11:57:18,529 - Trying to use logger class org.apache.velocity.runtime.log.SimpleLog4JLogSystem
2020-11-17 11:57:18,529 - Using logger class org.apache.velocity.runtime.log.SimpleLog4JLogSystem
2020-11-17 11:57:18,530 - Default ResourceManager initializing. (class org.apache.velocity.runtime.resource.ResourceManagerImpl)
2020-11-17 11:57:18,531 - Resource Loader Instantiated: org.apache.velocity.runtime.resource.loader.ClasspathResourceLoader
2020-11-17 11:57:18,531 - ClasspathResourceLoader : initialization starting.
2020-11-17 11:57:18,532 - ClasspathResourceLoader : initialization complete.
2020-11-17 11:57:18,532 - ResourceCache : initialized. (class org.apache.velocity.runtime.resource.ResourceCacheImpl)
2020-11-17 11:57:18,532 - Default ResourceManager initialization complete.
2020-11-17 11:57:18,533 - Loaded System Directive: org.apache.velocity.runtime.directive.Literal
2020-11-17 11:57:18,534 - Loaded System Directive: org.apache.velocity.runtime.directive.Macro
2020-11-17 11:57:18,535 - Loaded System Directive: org.apache.velocity.runtime.directive.Parse
2020-11-17 11:57:18,536 - Loaded System Directive: org.apache.velocity.runtime.directive.Include
2020-11-17 11:57:18,537 - Loaded System Directive: org.apache.velocity.runtime.directive.Foreach
2020-11-17 11:57:18,555 - Created: 20 parsers.
2020-11-17 11:57:18,557 - Velocimacro : initialization starting.
2020-11-17 11:57:18,557 - Velocimacro : adding VMs from VM library template : VM_global_library.vm
2020-11-17 11:57:18,558 - ResourceManager : unable to find resource 'VM_global_library.vm' in any resource loader.
2020-11-17 11:57:18,558 - Velocimacro : error using  VM library template VM_global_library.vm : org.apache.velocity.exception.ResourceNotFoundException: Unable to find resource 'VM_global_library.vm'
2020-11-17 11:57:18,558 - Velocimacro :  VM library template macro registration complete.
2020-11-17 11:57:18,558 - Velocimacro : allowInline = true : VMs can be defined inline in templates
2020-11-17 11:57:18,559 - Velocimacro : allowInlineToOverride = false : VMs defined inline may NOT replace previous VM definitions
2020-11-17 11:57:18,559 - Velocimacro : allowInlineLocal = false : VMs defined inline will be  global in scope if allowed.
2020-11-17 11:57:18,559 - Velocimacro : messages on  : VM system will output logging messages
2020-11-17 11:57:18,559 - Velocimacro : autoload off  : VM system will not automatically reload global library macros
2020-11-17 11:57:18,559 - Velocimacro : initialization complete.
2020-11-17 11:57:18,559 - Velocity successfully started.
2020-11-17 11:57:19,921 - SimpleLog4JLogSystem initialized using logfile 'velocity.log'
2020-11-17 11:57:19,921 - ************************************************************** 
2020-11-17 11:57:19,921 - Starting Jakarta Velocity v1.4
2020-11-17 11:57:19,921 - RuntimeInstance initializing.
2020-11-17 11:57:19,921 - Default Properties File: org/apache/velocity/runtime/defaults/velocity.properties
2020-11-17 11:57:19,921 - Trying to use logger class org.apache.velocity.runtime.log.SimpleLog4JLogSystem
2020-11-17 11:57:19,921 - Using logger class org.apache.velocity.runtime.log.SimpleLog4JLogSystem
2020-11-17 11:57:19,923 - Default ResourceManager initializing. (class org.apache.velocity.runtime.resource.ResourceManagerImpl)
2020-11-17 11:57:19,924 - Resource Loader Instantiated: org.apache.velocity.runtime.resource.loader.ClasspathResourceLoader
2020-11-17 11:57:19,924 - ClasspathResourceLoader : initialization starting.
2020-11-17 11:57:19,924 - ClasspathResourceLoader : initialization complete.
2020-11-17 11:57:19,925 - ResourceCache : initialized. (class org.apache.velocity.runtime.resource.ResourceCacheImpl)
2020-11-17 11:57:19,925 - Default ResourceManager initialization complete.
2020-11-17 11:57:19,926 - Loaded System Directive: org.apache.velocity.runtime.directive.Literal
2020-11-17 11:57:19,927 - Loaded System Directive: org.apache.velocity.runtime.directive.Macro
2020-11-17 11:57:19,928 - Loaded System Directive: org.apache.velocity.runtime.directive.Parse
2020-11-17 11:57:19,929 - Loaded System Directive: org.apache.velocity.runtime.directive.Include
2020-11-17 11:57:19,930 - Loaded System Directive: org.apache.velocity.runtime.directive.Foreach
2020-11-17 11:57:19,953 - Created: 20 parsers.
2020-11-17 11:57:19,956 - Velocimacro : initialization starting.
2020-11-17 11:57:19,956 - Velocimacro : adding VMs from VM library template : VM_global_library.vm
2020-11-17 11:57:19,958 - ResourceManager : unable to find resource 'VM_global_library.vm' in any resource loader.
2020-11-17 11:57:19,958 - Velocimacro : error using  VM library template VM_global_library.vm : org.apache.velocity.exception.ResourceNotFoundException: Unable to find resource 'VM_global_library.vm'
2020-11-17 11:57:19,958 - Velocimacro :  VM library template macro registration complete.
2020-11-17 11:57:19,958 - Velocimacro : allowInline = true : VMs can be defined inline in templates
2020-11-17 11:57:19,958 - Velocimacro : allowInlineToOverride = false : VMs defined inline may NOT replace previous VM definitions
2020-11-17 11:57:19,958 - Velocimacro : allowInlineLocal = false : VMs defined inline will be  global in scope if allowed.
2020-11-17 11:57:19,958 - Velocimacro : messages on  : VM system will output logging messages
2020-11-17 11:57:19,958 - Velocimacro : autoload off  : VM system will not automatically reload global library macros
2020-11-17 11:57:19,958 - Velocimacro : initialization complete.
2020-11-17 11:57:19,958 - Velocity successfully started.
2020-11-17 11:57:21,768 - SimpleLog4JLogSystem initialized using logfile 'velocity.log'
2020-11-17 11:57:21,769 - ************************************************************** 
2020-11-17 11:57:21,769 - Starting Jakarta Velocity v1.4
2020-11-17 11:57:21,769 - RuntimeInstance initializing.
2020-11-17 11:57:21,769 - Default Properties File: org/apache/velocity/runtime/defaults/velocity.properties
2020-11-17 11:57:21,769 - Trying to use logger class org.apache.velocity.runtime.log.SimpleLog4JLogSystem
2020-11-17 11:57:21,769 - Using logger class org.apache.velocity.runtime.log.SimpleLog4JLogSystem
2020-11-17 11:57:21,770 - Default ResourceManager initializing. (class org.apache.velocity.runtime.resource.ResourceManagerImpl)
2020-11-17 11:57:21,772 - Resource Loader Instantiated: org.apache.velocity.runtime.resource.loader.ClasspathResourceLoader
2020-11-17 11:57:21,772 - ClasspathResourceLoader : initialization starting.
2020-11-17 11:57:21,772 - ClasspathResourceLoader : initialization complete.
2020-11-17 11:57:21,773 - ResourceCache : initialized. (class org.apache.velocity.runtime.resource.ResourceCacheImpl)
2020-11-17 11:57:21,773 - Default ResourceManager initialization complete.
2020-11-17 11:57:21,774 - Loaded System Directive: org.apache.velocity.runtime.directive.Literal
2020-11-17 11:57:21,775 - Loaded System Directive: org.apache.velocity.runtime.directive.Macro
2020-11-17 11:57:21,777 - Loaded System Directive: org.apache.velocity.runtime.directive.Parse
2020-11-17 11:57:21,781 - Loaded System Directive: org.apache.velocity.runtime.directive.Include
2020-11-17 11:57:21,781 - Loaded System Directive: org.apache.velocity.runtime.directive.Foreach
2020-11-17 11:57:21,805 - Created: 20 parsers.
2020-11-17 11:57:21,810 - Velocimacro : initialization starting.
2020-11-17 11:57:21,811 - Velocimacro : adding VMs from VM library template : VM_global_library.vm
2020-11-17 11:57:21,813 - ResourceManager : unable to find resource 'VM_global_library.vm' in any resource loader.
2020-11-17 11:57:21,813 - Velocimacro : error using  VM library template VM_global_library.vm : org.apache.velocity.exception.ResourceNotFoundException: Unable to find resource 'VM_global_library.vm'
2020-11-17 11:57:21,813 - Velocimacro :  VM library template macro registration complete.
2020-11-17 11:57:21,813 - Velocimacro : allowInline = true : VMs can be defined inline in templates
2020-11-17 11:57:21,813 - Velocimacro : allowInlineToOverride = false : VMs defined inline may NOT replace previous VM definitions
2020-11-17 11:57:21,813 - Velocimacro : allowInlineLocal = false : VMs defined inline will be  global in scope if allowed.
2020-11-17 11:57:21,813 - Velocimacro : messages on  : VM system will output logging messages
2020-11-17 11:57:21,813 - Velocimacro : autoload off  : VM system will not automatically reload global library macros
2020-11-17 11:57:21,813 - Velocimacro : initialization complete.
2020-11-17 11:57:21,813 - Velocity successfully started.
2020-11-17 12:02:37,026 - SimpleLog4JLogSystem initialized using logfile 'velocity.log'
2020-11-17 12:02:37,027 - ************************************************************** 
2020-11-17 12:02:37,027 - Starting Jakarta Velocity v1.4
2020-11-17 12:02:37,027 - RuntimeInstance initializing.
2020-11-17 12:02:37,027 - Default Properties File: org/apache/velocity/runtime/defaults/velocity.properties
2020-11-17 12:02:37,027 - Trying to use logger class org.apache.velocity.runtime.log.SimpleLog4JLogSystem
2020-11-17 12:02:37,027 - Using logger class org.apache.velocity.runtime.log.SimpleLog4JLogSystem
2020-11-17 12:02:37,028 - Default ResourceManager initializing. (class org.apache.velocity.runtime.resource.ResourceManagerImpl)
2020-11-17 12:02:37,029 - Resource Loader Instantiated: org.apache.velocity.runtime.resource.loader.ClasspathResourceLoader
2020-11-17 12:02:37,029 - ClasspathResourceLoader : initialization starting.
2020-11-17 12:02:37,029 - ClasspathResourceLoader : initialization complete.
2020-11-17 12:02:37,029 - ResourceCache : initialized. (class org.apache.velocity.runtime.resource.ResourceCacheImpl)
2020-11-17 12:02:37,029 - Default ResourceManager initialization complete.
2020-11-17 12:02:37,030 - Loaded System Directive: org.apache.velocity.runtime.directive.Literal
2020-11-17 12:02:37,031 - Loaded System Directive: org.apache.velocity.runtime.directive.Macro
2020-11-17 12:02:37,032 - Loaded System Directive: org.apache.velocity.runtime.directive.Parse
2020-11-17 12:02:37,033 - Loaded System Directive: org.apache.velocity.runtime.directive.Include
2020-11-17 12:02:37,035 - Loaded System Directive: org.apache.velocity.runtime.directive.Foreach
2020-11-17 12:02:37,060 - Created: 20 parsers.
2020-11-17 12:02:37,062 - Velocimacro : initialization starting.
2020-11-17 12:02:37,063 - Velocimacro : adding VMs from VM library template : VM_global_library.vm
2020-11-17 12:02:37,064 - ResourceManager : unable to find resource 'VM_global_library.vm' in any resource loader.
2020-11-17 12:02:37,064 - Velocimacro : error using  VM library template VM_global_library.vm : org.apache.velocity.exception.ResourceNotFoundException: Unable to find resource 'VM_global_library.vm'
2020-11-17 12:02:37,064 - Velocimacro :  VM library template macro registration complete.
2020-11-17 12:02:37,064 - Velocimacro : allowInline = true : VMs can be defined inline in templates
2020-11-17 12:02:37,064 - Velocimacro : allowInlineToOverride = false : VMs defined inline may NOT replace previous VM definitions
2020-11-17 12:02:37,064 - Velocimacro : allowInlineLocal = false : VMs defined inline will be  global in scope if allowed.
2020-11-17 12:02:37,064 - Velocimacro : messages on  : VM system will output logging messages
2020-11-17 12:02:37,064 - Velocimacro : autoload off  : VM system will not automatically reload global library macros
2020-11-17 12:02:37,064 - Velocimacro : initialization complete.
2020-11-17 12:02:37,064 - Velocity successfully started.
2020-11-17 12:07:51,711 - SimpleLog4JLogSystem initialized using logfile 'velocity.log'
2020-11-17 12:07:51,712 - ************************************************************** 
2020-11-17 12:07:51,712 - Starting Jakarta Velocity v1.4
2020-11-17 12:07:51,712 - RuntimeInstance initializing.
2020-11-17 12:07:51,712 - Default Properties File: org/apache/velocity/runtime/defaults/velocity.properties
2020-11-17 12:07:51,712 - Trying to use logger class org.apache.velocity.runtime.log.SimpleLog4JLogSystem
2020-11-17 12:07:51,712 - Using logger class org.apache.velocity.runtime.log.SimpleLog4JLogSystem
2020-11-17 12:07:51,713 - Default ResourceManager initializing. (class org.apache.velocity.runtime.resource.ResourceManagerImpl)
2020-11-17 12:07:51,714 - Resource Loader Instantiated: org.apache.velocity.runtime.resource.loader.ClasspathResourceLoader
2020-11-17 12:07:51,714 - ClasspathResourceLoader : initialization starting.
2020-11-17 12:07:51,714 - ClasspathResourceLoader : initialization complete.
2020-11-17 12:07:51,715 - ResourceCache : initialized. (class org.apache.velocity.runtime.resource.ResourceCacheImpl)
2020-11-17 12:07:51,715 - Default ResourceManager initialization complete.
2020-11-17 12:07:51,716 - Loaded System Directive: org.apache.velocity.runtime.directive.Literal
2020-11-17 12:07:51,716 - Loaded System Directive: org.apache.velocity.runtime.directive.Macro
2020-11-17 12:07:51,717 - Loaded System Directive: org.apache.velocity.runtime.directive.Parse
2020-11-17 12:07:51,718 - Loaded System Directive: org.apache.velocity.runtime.directive.Include
2020-11-17 12:07:51,718 - Loaded System Directive: org.apache.velocity.runtime.directive.Foreach
2020-11-17 12:07:51,733 - Created: 20 parsers.
2020-11-17 12:07:51,735 - Velocimacro : initialization starting.
2020-11-17 12:07:51,735 - Velocimacro : adding VMs from VM library template : VM_global_library.vm
2020-11-17 12:07:51,736 - ResourceManager : unable to find resource 'VM_global_library.vm' in any resource loader.
2020-11-17 12:07:51,737 - Velocimacro : error using  VM library template VM_global_library.vm : org.apache.velocity.exception.ResourceNotFoundException: Unable to find resource 'VM_global_library.vm'
2020-11-17 12:07:51,737 - Velocimacro :  VM library template macro registration complete.
2020-11-17 12:07:51,737 - Velocimacro : allowInline = true : VMs can be defined inline in templates
2020-11-17 12:07:51,737 - Velocimacro : allowInlineToOverride = false : VMs defined inline may NOT replace previous VM definitions
2020-11-17 12:07:51,737 - Velocimacro : allowInlineLocal = false : VMs defined inline will be  global in scope if allowed.
2020-11-17 12:07:51,737 - Velocimacro : messages on  : VM system will output logging messages
2020-11-17 12:07:51,737 - Velocimacro : autoload off  : VM system will not automatically reload global library macros
2020-11-17 12:07:51,737 - Velocimacro : initialization complete.
2020-11-17 12:07:51,737 - Velocity successfully started.
2020-11-17 12:08:38,297 - SimpleLog4JLogSystem initialized using logfile 'velocity.log'
2020-11-17 12:08:38,297 - ************************************************************** 
2020-11-17 12:08:38,297 - Starting Jakarta Velocity v1.4
2020-11-17 12:08:38,297 - RuntimeInstance initializing.
2020-11-17 12:08:38,297 - Default Properties File: org/apache/velocity/runtime/defaults/velocity.properties
2020-11-17 12:08:38,297 - Trying to use logger class org.apache.velocity.runtime.log.SimpleLog4JLogSystem
2020-11-17 12:08:38,297 - Using logger class org.apache.velocity.runtime.log.SimpleLog4JLogSystem
2020-11-17 12:08:38,298 - Default ResourceManager initializing. (class org.apache.velocity.runtime.resource.ResourceManagerImpl)
2020-11-17 12:08:38,299 - Resource Loader Instantiated: org.apache.velocity.runtime.resource.loader.ClasspathResourceLoader
2020-11-17 12:08:38,299 - ClasspathResourceLoader : initialization starting.
2020-11-17 12:08:38,299 - ClasspathResourceLoader : initialization complete.
2020-11-17 12:08:38,299 - ResourceCache : initialized. (class org.apache.velocity.runtime.resource.ResourceCacheImpl)
2020-11-17 12:08:38,300 - Default ResourceManager initialization complete.
2020-11-17 12:08:38,300 - Loaded System Directive: org.apache.velocity.runtime.directive.Literal
2020-11-17 12:08:38,301 - Loaded System Directive: org.apache.velocity.runtime.directive.Macro
2020-11-17 12:08:38,302 - Loaded System Directive: org.apache.velocity.runtime.directive.Parse
2020-11-17 12:08:38,303 - Loaded System Directive: org.apache.velocity.runtime.directive.Include
2020-11-17 12:08:38,303 - Loaded System Directive: org.apache.velocity.runtime.directive.Foreach
2020-11-17 12:08:38,318 - Created: 20 parsers.
2020-11-17 12:08:38,320 - Velocimacro : initialization starting.
2020-11-17 12:08:38,320 - Velocimacro : adding VMs from VM library template : VM_global_library.vm
2020-11-17 12:08:38,321 - ResourceManager : unable to find resource 'VM_global_library.vm' in any resource loader.
2020-11-17 12:08:38,321 - Velocimacro : error using  VM library template VM_global_library.vm : org.apache.velocity.exception.ResourceNotFoundException: Unable to find resource 'VM_global_library.vm'
2020-11-17 12:08:38,321 - Velocimacro :  VM library template macro registration complete.
2020-11-17 12:08:38,321 - Velocimacro : allowInline = true : VMs can be defined inline in templates
2020-11-17 12:08:38,322 - Velocimacro : allowInlineToOverride = false : VMs defined inline may NOT replace previous VM definitions
2020-11-17 12:08:38,322 - Velocimacro : allowInlineLocal = false : VMs defined inline will be  global in scope if allowed.
2020-11-17 12:08:38,322 - Velocimacro : messages on  : VM system will output logging messages
2020-11-17 12:08:38,322 - Velocimacro : autoload off  : VM system will not automatically reload global library macros
2020-11-17 12:08:38,322 - Velocimacro : initialization complete.
2020-11-17 12:08:38,322 - Velocity successfully started.
2020-11-17 12:13:11,320 - SimpleLog4JLogSystem initialized using logfile 'velocity.log'
2020-11-17 12:13:11,320 - ************************************************************** 
2020-11-17 12:13:11,320 - Starting Jakarta Velocity v1.4
2020-11-17 12:13:11,320 - RuntimeInstance initializing.
2020-11-17 12:13:11,320 - Default Properties File: org/apache/velocity/runtime/defaults/velocity.properties
2020-11-17 12:13:11,320 - Trying to use logger class org.apache.velocity.runtime.log.SimpleLog4JLogSystem
2020-11-17 12:13:11,320 - Using logger class org.apache.velocity.runtime.log.SimpleLog4JLogSystem
2020-11-17 12:13:11,321 - Default ResourceManager initializing. (class org.apache.velocity.runtime.resource.ResourceManagerImpl)
2020-11-17 12:13:11,322 - Resource Loader Instantiated: org.apache.velocity.runtime.resource.loader.ClasspathResourceLoader
2020-11-17 12:13:11,322 - ClasspathResourceLoader : initialization starting.
2020-11-17 12:13:11,322 - ClasspathResourceLoader : initialization complete.
2020-11-17 12:13:11,323 - ResourceCache : initialized. (class org.apache.velocity.runtime.resource.ResourceCacheImpl)
2020-11-17 12:13:11,323 - Default ResourceManager initialization complete.
2020-11-17 12:13:11,323 - Loaded System Directive: org.apache.velocity.runtime.directive.Literal
2020-11-17 12:13:11,324 - Loaded System Directive: org.apache.velocity.runtime.directive.Macro
2020-11-17 12:13:11,325 - Loaded System Directive: org.apache.velocity.runtime.directive.Parse
2020-11-17 12:13:11,325 - Loaded System Directive: org.apache.velocity.runtime.directive.Include
2020-11-17 12:13:11,326 - Loaded System Directive: org.apache.velocity.runtime.directive.Foreach
2020-11-17 12:13:11,341 - Created: 20 parsers.
2020-11-17 12:13:11,343 - Velocimacro : initialization starting.
2020-11-17 12:13:11,343 - Velocimacro : adding VMs from VM library template : VM_global_library.vm
2020-11-17 12:13:11,344 - ResourceManager : unable to find resource 'VM_global_library.vm' in any resource loader.
2020-11-17 12:13:11,344 - Velocimacro : error using  VM library template VM_global_library.vm : org.apache.velocity.exception.ResourceNotFoundException: Unable to find resource 'VM_global_library.vm'
2020-11-17 12:13:11,344 - Velocimacro :  VM library template macro registration complete.
2020-11-17 12:13:11,344 - Velocimacro : allowInline = true : VMs can be defined inline in templates
2020-11-17 12:13:11,344 - Velocimacro : allowInlineToOverride = false : VMs defined inline may NOT replace previous VM definitions
2020-11-17 12:13:11,344 - Velocimacro : allowInlineLocal = false : VMs defined inline will be  global in scope if allowed.
2020-11-17 12:13:11,344 - Velocimacro : messages on  : VM system will output logging messages
2020-11-17 12:13:11,344 - Velocimacro : autoload off  : VM system will not automatically reload global library macros
2020-11-17 12:13:11,344 - Velocimacro : initialization complete.
2020-11-17 12:13:11,344 - Velocity successfully started.
2020-11-17 12:19:31,817 - SimpleLog4JLogSystem initialized using logfile 'velocity.log'
2020-11-17 12:19:31,818 - ************************************************************** 
2020-11-17 12:19:31,818 - Starting Jakarta Velocity v1.4
2020-11-17 12:19:31,818 - RuntimeInstance initializing.
2020-11-17 12:19:31,818 - Default Properties File: org/apache/velocity/runtime/defaults/velocity.properties
2020-11-17 12:19:31,818 - Trying to use logger class org.apache.velocity.runtime.log.SimpleLog4JLogSystem
2020-11-17 12:19:31,818 - Using logger class org.apache.velocity.runtime.log.SimpleLog4JLogSystem
2020-11-17 12:19:31,820 - Default ResourceManager initializing. (class org.apache.velocity.runtime.resource.ResourceManagerImpl)
2020-11-17 12:19:31,821 - Resource Loader Instantiated: org.apache.velocity.runtime.resource.loader.ClasspathResourceLoader
2020-11-17 12:19:31,821 - ClasspathResourceLoader : initialization starting.
2020-11-17 12:19:31,821 - ClasspathResourceLoader : initialization complete.
2020-11-17 12:19:31,821 - ResourceCache : initialized. (class org.apache.velocity.runtime.resource.ResourceCacheImpl)
2020-11-17 12:19:31,821 - Default ResourceManager initialization complete.
2020-11-17 12:19:31,822 - Loaded System Directive: org.apache.velocity.runtime.directive.Literal
2020-11-17 12:19:31,822 - Loaded System Directive: org.apache.velocity.runtime.directive.Macro
2020-11-17 12:19:31,823 - Loaded System Directive: org.apache.velocity.runtime.directive.Parse
2020-11-17 12:19:31,824 - Loaded System Directive: org.apache.velocity.runtime.directive.Include
2020-11-17 12:19:31,824 - Loaded System Directive: org.apache.velocity.runtime.directive.Foreach
2020-11-17 12:19:31,847 - Created: 20 parsers.
2020-11-17 12:19:31,849 - Velocimacro : initialization starting.
2020-11-17 12:19:31,849 - Velocimacro : adding VMs from VM library template : VM_global_library.vm
2020-11-17 12:19:31,850 - ResourceManager : unable to find resource 'VM_global_library.vm' in any resource loader.
2020-11-17 12:19:31,851 - Velocimacro : error using  VM library template VM_global_library.vm : org.apache.velocity.exception.ResourceNotFoundException: Unable to find resource 'VM_global_library.vm'
2020-11-17 12:19:31,851 - Velocimacro :  VM library template macro registration complete.
2020-11-17 12:19:31,851 - Velocimacro : allowInline = true : VMs can be defined inline in templates
2020-11-17 12:19:31,851 - Velocimacro : allowInlineToOverride = false : VMs defined inline may NOT replace previous VM definitions
2020-11-17 12:19:31,851 - Velocimacro : allowInlineLocal = false : VMs defined inline will be  global in scope if allowed.
2020-11-17 12:19:31,851 - Velocimacro : messages on  : VM system will output logging messages
2020-11-17 12:19:31,851 - Velocimacro : autoload off  : VM system will not automatically reload global library macros
2020-11-17 12:19:31,851 - Velocimacro : initialization complete.
2020-11-17 12:19:31,851 - Velocity successfully started.
2020-11-17 12:21:24,068 - SimpleLog4JLogSystem initialized using logfile 'velocity.log'
2020-11-17 12:21:24,068 - ************************************************************** 
2020-11-17 12:21:24,068 - Starting Jakarta Velocity v1.4
2020-11-17 12:21:24,068 - RuntimeInstance initializing.
2020-11-17 12:21:24,068 - Default Properties File: org/apache/velocity/runtime/defaults/velocity.properties
2020-11-17 12:21:24,068 - Trying to use logger class org.apache.velocity.runtime.log.SimpleLog4JLogSystem
2020-11-17 12:21:24,068 - Using logger class org.apache.velocity.runtime.log.SimpleLog4JLogSystem
2020-11-17 12:21:24,070 - Default ResourceManager initializing. (class org.apache.velocity.runtime.resource.ResourceManagerImpl)
2020-11-17 12:21:24,070 - Resource Loader Instantiated: org.apache.velocity.runtime.resource.loader.ClasspathResourceLoader
2020-11-17 12:21:24,071 - ClasspathResourceLoader : initialization starting.
2020-11-17 12:21:24,071 - ClasspathResourceLoader : initialization complete.
2020-11-17 12:21:24,071 - ResourceCache : initialized. (class org.apache.velocity.runtime.resource.ResourceCacheImpl)
2020-11-17 12:21:24,071 - Default ResourceManager initialization complete.
2020-11-17 12:21:24,072 - Loaded System Directive: org.apache.velocity.runtime.directive.Literal
2020-11-17 12:21:24,072 - Loaded System Directive: org.apache.velocity.runtime.directive.Macro
2020-11-17 12:21:24,073 - Loaded System Directive: org.apache.velocity.runtime.directive.Parse
2020-11-17 12:21:24,074 - Loaded System Directive: org.apache.velocity.runtime.directive.Include
2020-11-17 12:21:24,074 - Loaded System Directive: org.apache.velocity.runtime.directive.Foreach
2020-11-17 12:21:24,101 - Created: 20 parsers.
2020-11-17 12:21:24,104 - Velocimacro : initialization starting.
2020-11-17 12:21:24,104 - Velocimacro : adding VMs from VM library template : VM_global_library.vm
2020-11-17 12:21:24,106 - ResourceManager : unable to find resource 'VM_global_library.vm' in any resource loader.
2020-11-17 12:21:24,106 - Velocimacro : error using  VM library template VM_global_library.vm : org.apache.velocity.exception.ResourceNotFoundException: Unable to find resource 'VM_global_library.vm'
2020-11-17 12:21:24,106 - Velocimacro :  VM library template macro registration complete.
2020-11-17 12:21:24,106 - Velocimacro : allowInline = true : VMs can be defined inline in templates
2020-11-17 12:21:24,106 - Velocimacro : allowInlineToOverride = false : VMs defined inline may NOT replace previous VM definitions
2020-11-17 12:21:24,106 - Velocimacro : allowInlineLocal = false : VMs defined inline will be  global in scope if allowed.
2020-11-17 12:21:24,106 - Velocimacro : messages on  : VM system will output logging messages
2020-11-17 12:21:24,107 - Velocimacro : autoload off  : VM system will not automatically reload global library macros
2020-11-17 12:21:24,107 - Velocimacro : initialization complete.
2020-11-17 12:21:24,107 - Velocity successfully started.
2020-11-17 14:09:07,224 - SimpleLog4JLogSystem initialized using logfile 'velocity.log'
2020-11-17 14:09:07,225 - ************************************************************** 
2020-11-17 14:09:07,225 - Starting Jakarta Velocity v1.4
2020-11-17 14:09:07,225 - RuntimeInstance initializing.
2020-11-17 14:09:07,225 - Default Properties File: org/apache/velocity/runtime/defaults/velocity.properties
2020-11-17 14:09:07,225 - Trying to use logger class org.apache.velocity.runtime.log.SimpleLog4JLogSystem
2020-11-17 14:09:07,225 - Using logger class org.apache.velocity.runtime.log.SimpleLog4JLogSystem
2020-11-17 14:09:07,226 - Default ResourceManager initializing. (class org.apache.velocity.runtime.resource.ResourceManagerImpl)
2020-11-17 14:09:07,228 - Resource Loader Instantiated: org.apache.velocity.runtime.resource.loader.ClasspathResourceLoader
2020-11-17 14:09:07,228 - ClasspathResourceLoader : initialization starting.
2020-11-17 14:09:07,228 - ClasspathResourceLoader : initialization complete.
2020-11-17 14:09:07,228 - ResourceCache : initialized. (class org.apache.velocity.runtime.resource.ResourceCacheImpl)
2020-11-17 14:09:07,228 - Default ResourceManager initialization complete.
2020-11-17 14:09:07,229 - Loaded System Directive: org.apache.velocity.runtime.directive.Literal
2020-11-17 14:09:07,230 - Loaded System Directive: org.apache.velocity.runtime.directive.Macro
2020-11-17 14:09:07,231 - Loaded System Directive: org.apache.velocity.runtime.directive.Parse
2020-11-17 14:09:07,232 - Loaded System Directive: org.apache.velocity.runtime.directive.Include
2020-11-17 14:09:07,233 - Loaded System Directive: org.apache.velocity.runtime.directive.Foreach
2020-11-17 14:09:07,250 - Created: 20 parsers.
2020-11-17 14:09:07,253 - Velocimacro : initialization starting.
2020-11-17 14:09:07,253 - Velocimacro : adding VMs from VM library template : VM_global_library.vm
2020-11-17 14:09:07,254 - ResourceManager : unable to find resource 'VM_global_library.vm' in any resource loader.
2020-11-17 14:09:07,255 - Velocimacro : error using  VM library template VM_global_library.vm : org.apache.velocity.exception.ResourceNotFoundException: Unable to find resource 'VM_global_library.vm'
2020-11-17 14:09:07,255 - Velocimacro :  VM library template macro registration complete.
2020-11-17 14:09:07,255 - Velocimacro : allowInline = true : VMs can be defined inline in templates
2020-11-17 14:09:07,255 - Velocimacro : allowInlineToOverride = false : VMs defined inline may NOT replace previous VM definitions
2020-11-17 14:09:07,255 - Velocimacro : allowInlineLocal = false : VMs defined inline will be  global in scope if allowed.
2020-11-17 14:09:07,255 - Velocimacro : messages on  : VM system will output logging messages
2020-11-17 14:09:07,255 - Velocimacro : autoload off  : VM system will not automatically reload global library macros
2020-11-17 14:09:07,255 - Velocimacro : initialization complete.
2020-11-17 14:09:07,255 - Velocity successfully started.
2020-11-17 14:11:02,396 - ResourceManager : found repast/simphony/scenario/Scenario.vt with loader org.apache.velocity.runtime.resource.loader.ClasspathResourceLoader
2020-11-17 14:11:22,736 - SimpleLog4JLogSystem initialized using logfile 'velocity.log'
2020-11-17 14:11:22,736 - ************************************************************** 
2020-11-17 14:11:22,736 - Starting Jakarta Velocity v1.4
2020-11-17 14:11:22,736 - RuntimeInstance initializing.
2020-11-17 14:11:22,736 - Default Properties File: org/apache/velocity/runtime/defaults/velocity.properties
2020-11-17 14:11:22,736 - Trying to use logger class org.apache.velocity.runtime.log.SimpleLog4JLogSystem
2020-11-17 14:11:22,736 - Using logger class org.apache.velocity.runtime.log.SimpleLog4JLogSystem
2020-11-17 14:11:22,738 - Default ResourceManager initializing. (class org.apache.velocity.runtime.resource.ResourceManagerImpl)
2020-11-17 14:11:22,739 - Resource Loader Instantiated: org.apache.velocity.runtime.resource.loader.ClasspathResourceLoader
2020-11-17 14:11:22,739 - ClasspathResourceLoader : initialization starting.
2020-11-17 14:11:22,739 - ClasspathResourceLoader : initialization complete.
2020-11-17 14:11:22,740 - ResourceCache : initialized. (class org.apache.velocity.runtime.resource.ResourceCacheImpl)
2020-11-17 14:11:22,740 - Default ResourceManager initialization complete.
2020-11-17 14:11:22,741 - Loaded System Directive: org.apache.velocity.runtime.directive.Literal
2020-11-17 14:11:22,741 - Loaded System Directive: org.apache.velocity.runtime.directive.Macro
2020-11-17 14:11:22,742 - Loaded System Directive: org.apache.velocity.runtime.directive.Parse
2020-11-17 14:11:22,743 - Loaded System Directive: org.apache.velocity.runtime.directive.Include
2020-11-17 14:11:22,743 - Loaded System Directive: org.apache.velocity.runtime.directive.Foreach
2020-11-17 14:11:22,759 - Created: 20 parsers.
2020-11-17 14:11:22,761 - Velocimacro : initialization starting.
2020-11-17 14:11:22,761 - Velocimacro : adding VMs from VM library template : VM_global_library.vm
2020-11-17 14:11:22,762 - ResourceManager : unable to find resource 'VM_global_library.vm' in any resource loader.
2020-11-17 14:11:22,762 - Velocimacro : error using  VM library template VM_global_library.vm : org.apache.velocity.exception.ResourceNotFoundException: Unable to find resource 'VM_global_library.vm'
2020-11-17 14:11:22,762 - Velocimacro :  VM library template macro registration complete.
2020-11-17 14:11:22,762 - Velocimacro : allowInline = true : VMs can be defined inline in templates
2020-11-17 14:11:22,762 - Velocimacro : allowInlineToOverride = false : VMs defined inline may NOT replace previous VM definitions
2020-11-17 14:11:22,762 - Velocimacro : allowInlineLocal = false : VMs defined inline will be  global in scope if allowed.
2020-11-17 14:11:22,762 - Velocimacro : messages on  : VM system will output logging messages
2020-11-17 14:11:22,762 - Velocimacro : autoload off  : VM system will not automatically reload global library macros
2020-11-17 14:11:22,762 - Velocimacro : initialization complete.
2020-11-17 14:11:22,762 - Velocity successfully started.
2020-11-18 09:08:23,058 - SimpleLog4JLogSystem initialized using logfile 'velocity.log'
2020-11-18 09:08:23,059 - ************************************************************** 
2020-11-18 09:08:23,059 - Starting Jakarta Velocity v1.4
2020-11-18 09:08:23,059 - RuntimeInstance initializing.
2020-11-18 09:08:23,059 - Default Properties File: org/apache/velocity/runtime/defaults/velocity.properties
2020-11-18 09:08:23,059 - Trying to use logger class org.apache.velocity.runtime.log.SimpleLog4JLogSystem
2020-11-18 09:08:23,059 - Using logger class org.apache.velocity.runtime.log.SimpleLog4JLogSystem
2020-11-18 09:08:23,060 - Default ResourceManager initializing. (class org.apache.velocity.runtime.resource.ResourceManagerImpl)
2020-11-18 09:08:23,062 - Resource Loader Instantiated: org.apache.velocity.runtime.resource.loader.ClasspathResourceLoader
2020-11-18 09:08:23,062 - ClasspathResourceLoader : initialization starting.
2020-11-18 09:08:23,062 - ClasspathResourceLoader : initialization complete.
2020-11-18 09:08:23,062 - ResourceCache : initialized. (class org.apache.velocity.runtime.resource.ResourceCacheImpl)
2020-11-18 09:08:23,063 - Default ResourceManager initialization complete.
2020-11-18 09:08:23,064 - Loaded System Directive: org.apache.velocity.runtime.directive.Literal
2020-11-18 09:08:23,064 - Loaded System Directive: org.apache.velocity.runtime.directive.Macro
2020-11-18 09:08:23,065 - Loaded System Directive: org.apache.velocity.runtime.directive.Parse
2020-11-18 09:08:23,066 - Loaded System Directive: org.apache.velocity.runtime.directive.Include
2020-11-18 09:08:23,067 - Loaded System Directive: org.apache.velocity.runtime.directive.Foreach
2020-11-18 09:08:23,084 - Created: 20 parsers.
2020-11-18 09:08:23,086 - Velocimacro : initialization starting.
2020-11-18 09:08:23,087 - Velocimacro : adding VMs from VM library template : VM_global_library.vm
2020-11-18 09:08:23,088 - ResourceManager : unable to find resource 'VM_global_library.vm' in any resource loader.
2020-11-18 09:08:23,088 - Velocimacro : error using  VM library template VM_global_library.vm : org.apache.velocity.exception.ResourceNotFoundException: Unable to find resource 'VM_global_library.vm'
2020-11-18 09:08:23,088 - Velocimacro :  VM library template macro registration complete.
2020-11-18 09:08:23,088 - Velocimacro : allowInline = true : VMs can be defined inline in templates
2020-11-18 09:08:23,088 - Velocimacro : allowInlineToOverride = false : VMs defined inline may NOT replace previous VM definitions
2020-11-18 09:08:23,088 - Velocimacro : allowInlineLocal = false : VMs defined inline will be  global in scope if allowed.
2020-11-18 09:08:23,088 - Velocimacro : messages on  : VM system will output logging messages
2020-11-18 09:08:23,088 - Velocimacro : autoload off  : VM system will not automatically reload global library macros
2020-11-18 09:08:23,088 - Velocimacro : initialization complete.
2020-11-18 09:08:23,088 - Velocity successfully started.
2020-11-18 09:12:30,729 - SimpleLog4JLogSystem initialized using logfile 'velocity.log'
2020-11-18 09:12:30,730 - ************************************************************** 
2020-11-18 09:12:30,730 - Starting Jakarta Velocity v1.4
2020-11-18 09:12:30,730 - RuntimeInstance initializing.
2020-11-18 09:12:30,730 - Default Properties File: org/apache/velocity/runtime/defaults/velocity.properties
2020-11-18 09:12:30,730 - Trying to use logger class org.apache.velocity.runtime.log.SimpleLog4JLogSystem
2020-11-18 09:12:30,730 - Using logger class org.apache.velocity.runtime.log.SimpleLog4JLogSystem
2020-11-18 09:12:30,732 - Default ResourceManager initializing. (class org.apache.velocity.runtime.resource.ResourceManagerImpl)
2020-11-18 09:12:30,733 - Resource Loader Instantiated: org.apache.velocity.runtime.resource.loader.ClasspathResourceLoader
2020-11-18 09:12:30,733 - ClasspathResourceLoader : initialization starting.
2020-11-18 09:12:30,733 - ClasspathResourceLoader : initialization complete.
2020-11-18 09:12:30,734 - ResourceCache : initialized. (class org.apache.velocity.runtime.resource.ResourceCacheImpl)
2020-11-18 09:12:30,734 - Default ResourceManager initialization complete.
2020-11-18 09:12:30,734 - Loaded System Directive: org.apache.velocity.runtime.directive.Literal
2020-11-18 09:12:30,735 - Loaded System Directive: org.apache.velocity.runtime.directive.Macro
2020-11-18 09:12:30,736 - Loaded System Directive: org.apache.velocity.runtime.directive.Parse
2020-11-18 09:12:30,737 - Loaded System Directive: org.apache.velocity.runtime.directive.Include
2020-11-18 09:12:30,737 - Loaded System Directive: org.apache.velocity.runtime.directive.Foreach
2020-11-18 09:12:30,753 - Created: 20 parsers.
2020-11-18 09:12:30,755 - Velocimacro : initialization starting.
2020-11-18 09:12:30,755 - Velocimacro : adding VMs from VM library template : VM_global_library.vm
2020-11-18 09:12:30,756 - ResourceManager : unable to find resource 'VM_global_library.vm' in any resource loader.
2020-11-18 09:12:30,756 - Velocimacro : error using  VM library template VM_global_library.vm : org.apache.velocity.exception.ResourceNotFoundException: Unable to find resource 'VM_global_library.vm'
2020-11-18 09:12:30,756 - Velocimacro :  VM library template macro registration complete.
2020-11-18 09:12:30,756 - Velocimacro : allowInline = true : VMs can be defined inline in templates
2020-11-18 09:12:30,757 - Velocimacro : allowInlineToOverride = false : VMs defined inline may NOT replace previous VM definitions
2020-11-18 09:12:30,757 - Velocimacro : allowInlineLocal = false : VMs defined inline will be  global in scope if allowed.
2020-11-18 09:12:30,757 - Velocimacro : messages on  : VM system will output logging messages
2020-11-18 09:12:30,757 - Velocimacro : autoload off  : VM system will not automatically reload global library macros
2020-11-18 09:12:30,757 - Velocimacro : initialization complete.
2020-11-18 09:12:30,757 - Velocity successfully started.
2020-11-18 09:15:52,116 - SimpleLog4JLogSystem initialized using logfile 'velocity.log'
2020-11-18 09:15:52,117 - ************************************************************** 
2020-11-18 09:15:52,117 - Starting Jakarta Velocity v1.4
2020-11-18 09:15:52,117 - RuntimeInstance initializing.
2020-11-18 09:15:52,117 - Default Properties File: org/apache/velocity/runtime/defaults/velocity.properties
2020-11-18 09:15:52,117 - Trying to use logger class org.apache.velocity.runtime.log.SimpleLog4JLogSystem
2020-11-18 09:15:52,117 - Using logger class org.apache.velocity.runtime.log.SimpleLog4JLogSystem
2020-11-18 09:15:52,118 - Default ResourceManager initializing. (class org.apache.velocity.runtime.resource.ResourceManagerImpl)
2020-11-18 09:15:52,119 - Resource Loader Instantiated: org.apache.velocity.runtime.resource.loader.ClasspathResourceLoader
2020-11-18 09:15:52,119 - ClasspathResourceLoader : initialization starting.
2020-11-18 09:15:52,119 - ClasspathResourceLoader : initialization complete.
2020-11-18 09:15:52,120 - ResourceCache : initialized. (class org.apache.velocity.runtime.resource.ResourceCacheImpl)
2020-11-18 09:15:52,120 - Default ResourceManager initialization complete.
2020-11-18 09:15:52,121 - Loaded System Directive: org.apache.velocity.runtime.directive.Literal
2020-11-18 09:15:52,121 - Loaded System Directive: org.apache.velocity.runtime.directive.Macro
2020-11-18 09:15:52,122 - Loaded System Directive: org.apache.velocity.runtime.directive.Parse
2020-11-18 09:15:52,123 - Loaded System Directive: org.apache.velocity.runtime.directive.Include
2020-11-18 09:15:52,123 - Loaded System Directive: org.apache.velocity.runtime.directive.Foreach
2020-11-18 09:15:52,139 - Created: 20 parsers.
2020-11-18 09:15:52,141 - Velocimacro : initialization starting.
2020-11-18 09:15:52,141 - Velocimacro : adding VMs from VM library template : VM_global_library.vm
2020-11-18 09:15:52,142 - ResourceManager : unable to find resource 'VM_global_library.vm' in any resource loader.
2020-11-18 09:15:52,142 - Velocimacro : error using  VM library template VM_global_library.vm : org.apache.velocity.exception.ResourceNotFoundException: Unable to find resource 'VM_global_library.vm'
2020-11-18 09:15:52,142 - Velocimacro :  VM library template macro registration complete.
2020-11-18 09:15:52,142 - Velocimacro : allowInline = true : VMs can be defined inline in templates
2020-11-18 09:15:52,142 - Velocimacro : allowInlineToOverride = false : VMs defined inline may NOT replace previous VM definitions
2020-11-18 09:15:52,142 - Velocimacro : allowInlineLocal = false : VMs defined inline will be  global in scope if allowed.
2020-11-18 09:15:52,142 - Velocimacro : messages on  : VM system will output logging messages
2020-11-18 09:15:52,142 - Velocimacro : autoload off  : VM system will not automatically reload global library macros
2020-11-18 09:15:52,142 - Velocimacro : initialization complete.
2020-11-18 09:15:52,142 - Velocity successfully started.
2020-11-18 09:29:13,722 - SimpleLog4JLogSystem initialized using logfile 'velocity.log'
2020-11-18 09:29:13,723 - ************************************************************** 
2020-11-18 09:29:13,723 - Starting Jakarta Velocity v1.4
2020-11-18 09:29:13,723 - RuntimeInstance initializing.
2020-11-18 09:29:13,723 - Default Properties File: org/apache/velocity/runtime/defaults/velocity.properties
2020-11-18 09:29:13,723 - Trying to use logger class org.apache.velocity.runtime.log.SimpleLog4JLogSystem
2020-11-18 09:29:13,723 - Using logger class org.apache.velocity.runtime.log.SimpleLog4JLogSystem
2020-11-18 09:29:13,724 - Default ResourceManager initializing. (class org.apache.velocity.runtime.resource.ResourceManagerImpl)
2020-11-18 09:29:13,726 - Resource Loader Instantiated: org.apache.velocity.runtime.resource.loader.ClasspathResourceLoader
2020-11-18 09:29:13,726 - ClasspathResourceLoader : initialization starting.
2020-11-18 09:29:13,726 - ClasspathResourceLoader : initialization complete.
2020-11-18 09:29:13,727 - ResourceCache : initialized. (class org.apache.velocity.runtime.resource.ResourceCacheImpl)
2020-11-18 09:29:13,727 - Default ResourceManager initialization complete.
2020-11-18 09:29:13,728 - Loaded System Directive: org.apache.velocity.runtime.directive.Literal
2020-11-18 09:29:13,729 - Loaded System Directive: org.apache.velocity.runtime.directive.Macro
2020-11-18 09:29:13,730 - Loaded System Directive: org.apache.velocity.runtime.directive.Parse
2020-11-18 09:29:13,730 - Loaded System Directive: org.apache.velocity.runtime.directive.Include
2020-11-18 09:29:13,731 - Loaded System Directive: org.apache.velocity.runtime.directive.Foreach
2020-11-18 09:29:13,748 - Created: 20 parsers.
2020-11-18 09:29:13,750 - Velocimacro : initialization starting.
2020-11-18 09:29:13,750 - Velocimacro : adding VMs from VM library template : VM_global_library.vm
2020-11-18 09:29:13,752 - ResourceManager : unable to find resource 'VM_global_library.vm' in any resource loader.
2020-11-18 09:29:13,752 - Velocimacro : error using  VM library template VM_global_library.vm : org.apache.velocity.exception.ResourceNotFoundException: Unable to find resource 'VM_global_library.vm'
2020-11-18 09:29:13,752 - Velocimacro :  VM library template macro registration complete.
2020-11-18 09:29:13,752 - Velocimacro : allowInline = true : VMs can be defined inline in templates
2020-11-18 09:29:13,752 - Velocimacro : allowInlineToOverride = false : VMs defined inline may NOT replace previous VM definitions
2020-11-18 09:29:13,752 - Velocimacro : allowInlineLocal = false : VMs defined inline will be  global in scope if allowed.
2020-11-18 09:29:13,752 - Velocimacro : messages on  : VM system will output logging messages
2020-11-18 09:29:13,752 - Velocimacro : autoload off  : VM system will not automatically reload global library macros
2020-11-18 09:29:13,752 - Velocimacro : initialization complete.
2020-11-18 09:29:13,752 - Velocity successfully started.
2020-11-18 09:29:56,988 - SimpleLog4JLogSystem initialized using logfile 'velocity.log'
2020-11-18 09:29:56,988 - ************************************************************** 
2020-11-18 09:29:56,988 - Starting Jakarta Velocity v1.4
2020-11-18 09:29:56,988 - RuntimeInstance initializing.
2020-11-18 09:29:56,988 - Default Properties File: org/apache/velocity/runtime/defaults/velocity.properties
2020-11-18 09:29:56,988 - Trying to use logger class org.apache.velocity.runtime.log.SimpleLog4JLogSystem
2020-11-18 09:29:56,988 - Using logger class org.apache.velocity.runtime.log.SimpleLog4JLogSystem
2020-11-18 09:29:56,990 - Default ResourceManager initializing. (class org.apache.velocity.runtime.resource.ResourceManagerImpl)
2020-11-18 09:29:56,991 - Resource Loader Instantiated: org.apache.velocity.runtime.resource.loader.ClasspathResourceLoader
2020-11-18 09:29:56,991 - ClasspathResourceLoader : initialization starting.
2020-11-18 09:29:56,991 - ClasspathResourceLoader : initialization complete.
2020-11-18 09:29:56,991 - ResourceCache : initialized. (class org.apache.velocity.runtime.resource.ResourceCacheImpl)
2020-11-18 09:29:56,991 - Default ResourceManager initialization complete.
2020-11-18 09:29:56,992 - Loaded System Directive: org.apache.velocity.runtime.directive.Literal
2020-11-18 09:29:56,993 - Loaded System Directive: org.apache.velocity.runtime.directive.Macro
2020-11-18 09:29:56,994 - Loaded System Directive: org.apache.velocity.runtime.directive.Parse
2020-11-18 09:29:56,995 - Loaded System Directive: org.apache.velocity.runtime.directive.Include
2020-11-18 09:29:56,995 - Loaded System Directive: org.apache.velocity.runtime.directive.Foreach
2020-11-18 09:29:57,015 - Created: 20 parsers.
2020-11-18 09:29:57,018 - Velocimacro : initialization starting.
2020-11-18 09:29:57,018 - Velocimacro : adding VMs from VM library template : VM_global_library.vm
2020-11-18 09:29:57,020 - ResourceManager : unable to find resource 'VM_global_library.vm' in any resource loader.
2020-11-18 09:29:57,020 - Velocimacro : error using  VM library template VM_global_library.vm : org.apache.velocity.exception.ResourceNotFoundException: Unable to find resource 'VM_global_library.vm'
2020-11-18 09:29:57,020 - Velocimacro :  VM library template macro registration complete.
2020-11-18 09:29:57,020 - Velocimacro : allowInline = true : VMs can be defined inline in templates
2020-11-18 09:29:57,021 - Velocimacro : allowInlineToOverride = false : VMs defined inline may NOT replace previous VM definitions
2020-11-18 09:29:57,021 - Velocimacro : allowInlineLocal = false : VMs defined inline will be  global in scope if allowed.
2020-11-18 09:29:57,021 - Velocimacro : messages on  : VM system will output logging messages
2020-11-18 09:29:57,021 - Velocimacro : autoload off  : VM system will not automatically reload global library macros
2020-11-18 09:29:57,021 - Velocimacro : initialization complete.
2020-11-18 09:29:57,021 - Velocity successfully started.
2020-11-18 09:31:30,510 - SimpleLog4JLogSystem initialized using logfile 'velocity.log'
2020-11-18 09:31:30,511 - ************************************************************** 
2020-11-18 09:31:30,511 - Starting Jakarta Velocity v1.4
2020-11-18 09:31:30,511 - RuntimeInstance initializing.
2020-11-18 09:31:30,511 - Default Properties File: org/apache/velocity/runtime/defaults/velocity.properties
2020-11-18 09:31:30,511 - Trying to use logger class org.apache.velocity.runtime.log.SimpleLog4JLogSystem
2020-11-18 09:31:30,511 - Using logger class org.apache.velocity.runtime.log.SimpleLog4JLogSystem
2020-11-18 09:31:30,513 - Default ResourceManager initializing. (class org.apache.velocity.runtime.resource.ResourceManagerImpl)
2020-11-18 09:31:30,514 - Resource Loader Instantiated: org.apache.velocity.runtime.resource.loader.ClasspathResourceLoader
2020-11-18 09:31:30,514 - ClasspathResourceLoader : initialization starting.
2020-11-18 09:31:30,514 - ClasspathResourceLoader : initialization complete.
2020-11-18 09:31:30,515 - ResourceCache : initialized. (class org.apache.velocity.runtime.resource.ResourceCacheImpl)
2020-11-18 09:31:30,515 - Default ResourceManager initialization complete.
2020-11-18 09:31:30,515 - Loaded System Directive: org.apache.velocity.runtime.directive.Literal
2020-11-18 09:31:30,516 - Loaded System Directive: org.apache.velocity.runtime.directive.Macro
2020-11-18 09:31:30,517 - Loaded System Directive: org.apache.velocity.runtime.directive.Parse
2020-11-18 09:31:30,518 - Loaded System Directive: org.apache.velocity.runtime.directive.Include
2020-11-18 09:31:30,518 - Loaded System Directive: org.apache.velocity.runtime.directive.Foreach
2020-11-18 09:31:30,535 - Created: 20 parsers.
2020-11-18 09:31:30,538 - Velocimacro : initialization starting.
2020-11-18 09:31:30,538 - Velocimacro : adding VMs from VM library template : VM_global_library.vm
2020-11-18 09:31:30,539 - ResourceManager : unable to find resource 'VM_global_library.vm' in any resource loader.
2020-11-18 09:31:30,539 - Velocimacro : error using  VM library template VM_global_library.vm : org.apache.velocity.exception.ResourceNotFoundException: Unable to find resource 'VM_global_library.vm'
2020-11-18 09:31:30,539 - Velocimacro :  VM library template macro registration complete.
2020-11-18 09:31:30,539 - Velocimacro : allowInline = true : VMs can be defined inline in templates
2020-11-18 09:31:30,539 - Velocimacro : allowInlineToOverride = false : VMs defined inline may NOT replace previous VM definitions
2020-11-18 09:31:30,539 - Velocimacro : allowInlineLocal = false : VMs defined inline will be  global in scope if allowed.
2020-11-18 09:31:30,539 - Velocimacro : messages on  : VM system will output logging messages
2020-11-18 09:31:30,539 - Velocimacro : autoload off  : VM system will not automatically reload global library macros
2020-11-18 09:31:30,539 - Velocimacro : initialization complete.
2020-11-18 09:31:30,539 - Velocity successfully started.
2020-11-18 09:33:55,225 - SimpleLog4JLogSystem initialized using logfile 'velocity.log'
2020-11-18 09:33:55,225 - ************************************************************** 
2020-11-18 09:33:55,225 - Starting Jakarta Velocity v1.4
2020-11-18 09:33:55,225 - RuntimeInstance initializing.
2020-11-18 09:33:55,225 - Default Properties File: org/apache/velocity/runtime/defaults/velocity.properties
2020-11-18 09:33:55,225 - Trying to use logger class org.apache.velocity.runtime.log.SimpleLog4JLogSystem
2020-11-18 09:33:55,225 - Using logger class org.apache.velocity.runtime.log.SimpleLog4JLogSystem
2020-11-18 09:33:55,226 - Default ResourceManager initializing. (class org.apache.velocity.runtime.resource.ResourceManagerImpl)
2020-11-18 09:33:55,227 - Resource Loader Instantiated: org.apache.velocity.runtime.resource.loader.ClasspathResourceLoader
2020-11-18 09:33:55,227 - ClasspathResourceLoader : initialization starting.
2020-11-18 09:33:55,227 - ClasspathResourceLoader : initialization complete.
2020-11-18 09:33:55,228 - ResourceCache : initialized. (class org.apache.velocity.runtime.resource.ResourceCacheImpl)
2020-11-18 09:33:55,228 - Default ResourceManager initialization complete.
2020-11-18 09:33:55,228 - Loaded System Directive: org.apache.velocity.runtime.directive.Literal
2020-11-18 09:33:55,229 - Loaded System Directive: org.apache.velocity.runtime.directive.Macro
2020-11-18 09:33:55,230 - Loaded System Directive: org.apache.velocity.runtime.directive.Parse
2020-11-18 09:33:55,230 - Loaded System Directive: org.apache.velocity.runtime.directive.Include
2020-11-18 09:33:55,231 - Loaded System Directive: org.apache.velocity.runtime.directive.Foreach
2020-11-18 09:33:55,247 - Created: 20 parsers.
2020-11-18 09:33:55,249 - Velocimacro : initialization starting.
2020-11-18 09:33:55,249 - Velocimacro : adding VMs from VM library template : VM_global_library.vm
2020-11-18 09:33:55,250 - ResourceManager : unable to find resource 'VM_global_library.vm' in any resource loader.
2020-11-18 09:33:55,250 - Velocimacro : error using  VM library template VM_global_library.vm : org.apache.velocity.exception.ResourceNotFoundException: Unable to find resource 'VM_global_library.vm'
2020-11-18 09:33:55,250 - Velocimacro :  VM library template macro registration complete.
2020-11-18 09:33:55,250 - Velocimacro : allowInline = true : VMs can be defined inline in templates
2020-11-18 09:33:55,250 - Velocimacro : allowInlineToOverride = false : VMs defined inline may NOT replace previous VM definitions
2020-11-18 09:33:55,250 - Velocimacro : allowInlineLocal = false : VMs defined inline will be  global in scope if allowed.
2020-11-18 09:33:55,250 - Velocimacro : messages on  : VM system will output logging messages
2020-11-18 09:33:55,250 - Velocimacro : autoload off  : VM system will not automatically reload global library macros
2020-11-18 09:33:55,250 - Velocimacro : initialization complete.
2020-11-18 09:33:55,250 - Velocity successfully started.
2020-11-18 09:36:19,184 - SimpleLog4JLogSystem initialized using logfile 'velocity.log'
2020-11-18 09:36:19,185 - ************************************************************** 
2020-11-18 09:36:19,185 - Starting Jakarta Velocity v1.4
2020-11-18 09:36:19,185 - RuntimeInstance initializing.
2020-11-18 09:36:19,185 - Default Properties File: org/apache/velocity/runtime/defaults/velocity.properties
2020-11-18 09:36:19,185 - Trying to use logger class org.apache.velocity.runtime.log.SimpleLog4JLogSystem
2020-11-18 09:36:19,185 - Using logger class org.apache.velocity.runtime.log.SimpleLog4JLogSystem
2020-11-18 09:36:19,186 - Default ResourceManager initializing. (class org.apache.velocity.runtime.resource.ResourceManagerImpl)
2020-11-18 09:36:19,187 - Resource Loader Instantiated: org.apache.velocity.runtime.resource.loader.ClasspathResourceLoader
2020-11-18 09:36:19,187 - ClasspathResourceLoader : initialization starting.
2020-11-18 09:36:19,187 - ClasspathResourceLoader : initialization complete.
2020-11-18 09:36:19,188 - ResourceCache : initialized. (class org.apache.velocity.runtime.resource.ResourceCacheImpl)
2020-11-18 09:36:19,188 - Default ResourceManager initialization complete.
2020-11-18 09:36:19,188 - Loaded System Directive: org.apache.velocity.runtime.directive.Literal
2020-11-18 09:36:19,189 - Loaded System Directive: org.apache.velocity.runtime.directive.Macro
2020-11-18 09:36:19,190 - Loaded System Directive: org.apache.velocity.runtime.directive.Parse
2020-11-18 09:36:19,191 - Loaded System Directive: org.apache.velocity.runtime.directive.Include
2020-11-18 09:36:19,191 - Loaded System Directive: org.apache.velocity.runtime.directive.Foreach
2020-11-18 09:36:19,217 - Created: 20 parsers.
2020-11-18 09:36:19,221 - Velocimacro : initialization starting.
2020-11-18 09:36:19,221 - Velocimacro : adding VMs from VM library template : VM_global_library.vm
2020-11-18 09:36:19,223 - ResourceManager : unable to find resource 'VM_global_library.vm' in any resource loader.
2020-11-18 09:36:19,223 - Velocimacro : error using  VM library template VM_global_library.vm : org.apache.velocity.exception.ResourceNotFoundException: Unable to find resource 'VM_global_library.vm'
2020-11-18 09:36:19,223 - Velocimacro :  VM library template macro registration complete.
2020-11-18 09:36:19,223 - Velocimacro : allowInline = true : VMs can be defined inline in templates
2020-11-18 09:36:19,223 - Velocimacro : allowInlineToOverride = false : VMs defined inline may NOT replace previous VM definitions
2020-11-18 09:36:19,223 - Velocimacro : allowInlineLocal = false : VMs defined inline will be  global in scope if allowed.
2020-11-18 09:36:19,223 - Velocimacro : messages on  : VM system will output logging messages
2020-11-18 09:36:19,223 - Velocimacro : autoload off  : VM system will not automatically reload global library macros
2020-11-18 09:36:19,223 - Velocimacro : initialization complete.
2020-11-18 09:36:19,223 - Velocity successfully started.
2020-11-18 09:38:58,127 - SimpleLog4JLogSystem initialized using logfile 'velocity.log'
2020-11-18 09:38:58,127 - ************************************************************** 
2020-11-18 09:38:58,128 - Starting Jakarta Velocity v1.4
2020-11-18 09:38:58,128 - RuntimeInstance initializing.
2020-11-18 09:38:58,128 - Default Properties File: org/apache/velocity/runtime/defaults/velocity.properties
2020-11-18 09:38:58,128 - Trying to use logger class org.apache.velocity.runtime.log.SimpleLog4JLogSystem
2020-11-18 09:38:58,128 - Using logger class org.apache.velocity.runtime.log.SimpleLog4JLogSystem
2020-11-18 09:38:58,129 - Default ResourceManager initializing. (class org.apache.velocity.runtime.resource.ResourceManagerImpl)
2020-11-18 09:38:58,130 - Resource Loader Instantiated: org.apache.velocity.runtime.resource.loader.ClasspathResourceLoader
2020-11-18 09:38:58,130 - ClasspathResourceLoader : initialization starting.
2020-11-18 09:38:58,130 - ClasspathResourceLoader : initialization complete.
2020-11-18 09:38:58,130 - ResourceCache : initialized. (class org.apache.velocity.runtime.resource.ResourceCacheImpl)
2020-11-18 09:38:58,130 - Default ResourceManager initialization complete.
2020-11-18 09:38:58,131 - Loaded System Directive: org.apache.velocity.runtime.directive.Literal
2020-11-18 09:38:58,131 - Loaded System Directive: org.apache.velocity.runtime.directive.Macro
2020-11-18 09:38:58,132 - Loaded System Directive: org.apache.velocity.runtime.directive.Parse
2020-11-18 09:38:58,133 - Loaded System Directive: org.apache.velocity.runtime.directive.Include
2020-11-18 09:38:58,133 - Loaded System Directive: org.apache.velocity.runtime.directive.Foreach
2020-11-18 09:38:58,149 - Created: 20 parsers.
2020-11-18 09:38:58,151 - Velocimacro : initialization starting.
2020-11-18 09:38:58,151 - Velocimacro : adding VMs from VM library template : VM_global_library.vm
2020-11-18 09:38:58,153 - ResourceManager : unable to find resource 'VM_global_library.vm' in any resource loader.
2020-11-18 09:38:58,153 - Velocimacro : error using  VM library template VM_global_library.vm : org.apache.velocity.exception.ResourceNotFoundException: Unable to find resource 'VM_global_library.vm'
2020-11-18 09:38:58,153 - Velocimacro :  VM library template macro registration complete.
2020-11-18 09:38:58,153 - Velocimacro : allowInline = true : VMs can be defined inline in templates
2020-11-18 09:38:58,153 - Velocimacro : allowInlineToOverride = false : VMs defined inline may NOT replace previous VM definitions
2020-11-18 09:38:58,153 - Velocimacro : allowInlineLocal = false : VMs defined inline will be  global in scope if allowed.
2020-11-18 09:38:58,153 - Velocimacro : messages on  : VM system will output logging messages
2020-11-18 09:38:58,153 - Velocimacro : autoload off  : VM system will not automatically reload global library macros
2020-11-18 09:38:58,153 - Velocimacro : initialization complete.
2020-11-18 09:38:58,153 - Velocity successfully started.
2020-11-19 09:51:10,902 - SimpleLog4JLogSystem initialized using logfile 'velocity.log'
2020-11-19 09:51:10,903 - ************************************************************** 
2020-11-19 09:51:10,903 - Starting Jakarta Velocity v1.4
2020-11-19 09:51:10,903 - RuntimeInstance initializing.
2020-11-19 09:51:10,903 - Default Properties File: org/apache/velocity/runtime/defaults/velocity.properties
2020-11-19 09:51:10,903 - Trying to use logger class org.apache.velocity.runtime.log.SimpleLog4JLogSystem
2020-11-19 09:51:10,903 - Using logger class org.apache.velocity.runtime.log.SimpleLog4JLogSystem
2020-11-19 09:51:10,906 - Default ResourceManager initializing. (class org.apache.velocity.runtime.resource.ResourceManagerImpl)
2020-11-19 09:51:10,909 - Resource Loader Instantiated: org.apache.velocity.runtime.resource.loader.ClasspathResourceLoader
2020-11-19 09:51:10,909 - ClasspathResourceLoader : initialization starting.
2020-11-19 09:51:10,909 - ClasspathResourceLoader : initialization complete.
2020-11-19 09:51:10,910 - ResourceCache : initialized. (class org.apache.velocity.runtime.resource.ResourceCacheImpl)
2020-11-19 09:51:10,911 - Default ResourceManager initialization complete.
2020-11-19 09:51:10,912 - Loaded System Directive: org.apache.velocity.runtime.directive.Literal
2020-11-19 09:51:10,913 - Loaded System Directive: org.apache.velocity.runtime.directive.Macro
2020-11-19 09:51:10,914 - Loaded System Directive: org.apache.velocity.runtime.directive.Parse
2020-11-19 09:51:10,916 - Loaded System Directive: org.apache.velocity.runtime.directive.Include
2020-11-19 09:51:10,917 - Loaded System Directive: org.apache.velocity.runtime.directive.Foreach
2020-11-19 09:51:10,945 - Created: 20 parsers.
2020-11-19 09:51:10,948 - Velocimacro : initialization starting.
2020-11-19 09:51:10,948 - Velocimacro : adding VMs from VM library template : VM_global_library.vm
2020-11-19 09:51:10,949 - SimpleLog4JLogSystem initialized using logfile 'velocity.log'
2020-11-19 09:51:10,949 - ************************************************************** 
2020-11-19 09:51:10,949 - Starting Jakarta Velocity v1.4
2020-11-19 09:51:10,949 - RuntimeInstance initializing.
2020-11-19 09:51:10,949 - Default Properties File: org/apache/velocity/runtime/defaults/velocity.properties
2020-11-19 09:51:10,949 - Trying to use logger class org.apache.velocity.runtime.log.SimpleLog4JLogSystem
2020-11-19 09:51:10,949 - Using logger class org.apache.velocity.runtime.log.SimpleLog4JLogSystem
2020-11-19 09:51:10,950 - Default ResourceManager initializing. (class org.apache.velocity.runtime.resource.ResourceManagerImpl)
2020-11-19 09:51:10,951 - ResourceManager : unable to find resource 'VM_global_library.vm' in any resource loader.
2020-11-19 09:51:10,951 - Velocimacro : error using  VM library template VM_global_library.vm : org.apache.velocity.exception.ResourceNotFoundException: Unable to find resource 'VM_global_library.vm'
2020-11-19 09:51:10,951 - Velocimacro :  VM library template macro registration complete.
2020-11-19 09:51:10,951 - Velocimacro : allowInline = true : VMs can be defined inline in templates
2020-11-19 09:51:10,951 - Velocimacro : allowInlineToOverride = false : VMs defined inline may NOT replace previous VM definitions
2020-11-19 09:51:10,951 - Velocimacro : allowInlineLocal = false : VMs defined inline will be  global in scope if allowed.
2020-11-19 09:51:10,951 - Velocimacro : messages on  : VM system will output logging messages
2020-11-19 09:51:10,951 - Velocimacro : autoload off  : VM system will not automatically reload global library macros
2020-11-19 09:51:10,951 - Velocimacro : initialization complete.
2020-11-19 09:51:10,951 - Velocity successfully started.
2020-11-19 09:51:10,952 - Resource Loader Instantiated: org.apache.velocity.runtime.resource.loader.ClasspathResourceLoader
2020-11-19 09:51:10,952 - ClasspathResourceLoader : initialization starting.
2020-11-19 09:51:10,952 - ClasspathResourceLoader : initialization complete.
2020-11-19 09:51:10,952 - ResourceCache : initialized. (class org.apache.velocity.runtime.resource.ResourceCacheImpl)
2020-11-19 09:51:10,953 - Default ResourceManager initialization complete.
2020-11-19 09:51:10,954 - Loaded System Directive: org.apache.velocity.runtime.directive.Literal
2020-11-19 09:51:10,955 - Loaded System Directive: org.apache.velocity.runtime.directive.Macro
2020-11-19 09:51:10,956 - Loaded System Directive: org.apache.velocity.runtime.directive.Parse
2020-11-19 09:51:10,957 - Loaded System Directive: org.apache.velocity.runtime.directive.Include
2020-11-19 09:51:10,958 - Loaded System Directive: org.apache.velocity.runtime.directive.Foreach
2020-11-19 09:51:10,981 - Created: 20 parsers.
2020-11-19 09:51:10,983 - Velocimacro : initialization starting.
2020-11-19 09:51:10,984 - Velocimacro : adding VMs from VM library template : VM_global_library.vm
2020-11-19 09:51:10,985 - ResourceManager : unable to find resource 'VM_global_library.vm' in any resource loader.
2020-11-19 09:51:10,985 - Velocimacro : error using  VM library template VM_global_library.vm : org.apache.velocity.exception.ResourceNotFoundException: Unable to find resource 'VM_global_library.vm'
2020-11-19 09:51:10,985 - Velocimacro :  VM library template macro registration complete.
2020-11-19 09:51:10,985 - Velocimacro : allowInline = true : VMs can be defined inline in templates
2020-11-19 09:51:10,985 - Velocimacro : allowInlineToOverride = false : VMs defined inline may NOT replace previous VM definitions
2020-11-19 09:51:10,985 - Velocimacro : allowInlineLocal = false : VMs defined inline will be  global in scope if allowed.
2020-11-19 09:51:10,985 - Velocimacro : messages on  : VM system will output logging messages
2020-11-19 09:51:10,985 - Velocimacro : autoload off  : VM system will not automatically reload global library macros
2020-11-19 09:51:10,985 - Velocimacro : initialization complete.
2020-11-19 09:51:10,985 - Velocity successfully started.
2020-11-19 10:11:41,629 - SimpleLog4JLogSystem initialized using logfile 'velocity.log'
2020-11-19 10:11:41,630 - ************************************************************** 
2020-11-19 10:11:41,630 - Starting Jakarta Velocity v1.4
2020-11-19 10:11:41,630 - RuntimeInstance initializing.
2020-11-19 10:11:41,630 - Default Properties File: org/apache/velocity/runtime/defaults/velocity.properties
2020-11-19 10:11:41,630 - Trying to use logger class org.apache.velocity.runtime.log.SimpleLog4JLogSystem
2020-11-19 10:11:41,630 - Using logger class org.apache.velocity.runtime.log.SimpleLog4JLogSystem
2020-11-19 10:11:41,631 - Default ResourceManager initializing. (class org.apache.velocity.runtime.resource.ResourceManagerImpl)
2020-11-19 10:11:41,633 - Resource Loader Instantiated: org.apache.velocity.runtime.resource.loader.ClasspathResourceLoader
2020-11-19 10:11:41,633 - ClasspathResourceLoader : initialization starting.
2020-11-19 10:11:41,633 - ClasspathResourceLoader : initialization complete.
2020-11-19 10:11:41,634 - ResourceCache : initialized. (class org.apache.velocity.runtime.resource.ResourceCacheImpl)
2020-11-19 10:11:41,634 - Default ResourceManager initialization complete.
2020-11-19 10:11:41,635 - Loaded System Directive: org.apache.velocity.runtime.directive.Literal
2020-11-19 10:11:41,636 - Loaded System Directive: org.apache.velocity.runtime.directive.Macro
2020-11-19 10:11:41,637 - Loaded System Directive: org.apache.velocity.runtime.directive.Parse
2020-11-19 10:11:41,638 - Loaded System Directive: org.apache.velocity.runtime.directive.Include
2020-11-19 10:11:41,638 - Loaded System Directive: org.apache.velocity.runtime.directive.Foreach
2020-11-19 10:11:41,657 - Created: 20 parsers.
2020-11-19 10:11:41,659 - Velocimacro : initialization starting.
2020-11-19 10:11:41,659 - Velocimacro : adding VMs from VM library template : VM_global_library.vm
2020-11-19 10:11:41,661 - ResourceManager : unable to find resource 'VM_global_library.vm' in any resource loader.
2020-11-19 10:11:41,662 - Velocimacro : error using  VM library template VM_global_library.vm : org.apache.velocity.exception.ResourceNotFoundException: Unable to find resource 'VM_global_library.vm'
2020-11-19 10:11:41,662 - Velocimacro :  VM library template macro registration complete.
2020-11-19 10:11:41,662 - Velocimacro : allowInline = true : VMs can be defined inline in templates
2020-11-19 10:11:41,662 - Velocimacro : allowInlineToOverride = false : VMs defined inline may NOT replace previous VM definitions
2020-11-19 10:11:41,662 - Velocimacro : allowInlineLocal = false : VMs defined inline will be  global in scope if allowed.
2020-11-19 10:11:41,662 - Velocimacro : messages on  : VM system will output logging messages
2020-11-19 10:11:41,662 - Velocimacro : autoload off  : VM system will not automatically reload global library macros
2020-11-19 10:11:41,662 - Velocimacro : initialization complete.
2020-11-19 10:11:41,663 - Velocity successfully started.
2020-11-19 10:13:05,695 - ResourceManager : found repast/simphony/scenario/Scenario.vt with loader org.apache.velocity.runtime.resource.loader.ClasspathResourceLoader
2020-11-19 10:13:07,516 - ResourceManager : found repast/simphony/scenario/Scenario.vt with loader org.apache.velocity.runtime.resource.loader.ClasspathResourceLoader
2020-11-19 10:13:16,781 - ResourceManager : found repast/simphony/parameter/parameters.vt with loader org.apache.velocity.runtime.resource.loader.ClasspathResourceLoader
